[2026-03-26 20:06:05] [ INFO ] [OdontologicaApplication:54] Starting OdontologicaApplication using Java 21.0.10 with PID 4660 (G:\My Drive\UP\3\primer cuatri\APIs y microservicios\Odontologica\target\classes started by santi in G:\My Drive\UP\3\primer cuatri\APIs y microservicios\Odontologica)
[2026-03-26 20:06:05] [ DEBUG] [OdontologicaApplication:55] Running with Spring Boot v4.0.3, Spring v7.0.5
[2026-03-26 20:06:05] [ INFO ] [OdontologicaApplication:652] No active profile set, falling back to 1 default profile: "default"
[2026-03-26 20:06:07] [ INFO ] [RepositoryConfigurationDelegate:145] Bootstrapping Spring Data JPA repositories in DEFAULT mode.
[2026-03-26 20:06:07] [ INFO ] [RepositoryConfigurationDelegate:213] Finished Spring Data repository scanning in 177 ms. Found 3 JPA repository interfaces.
[2026-03-26 20:06:08] [ INFO ] [TomcatWebServer:114] Tomcat initialized with port 8080 (http)
[2026-03-26 20:06:08] [ INFO ] [StandardService:168] Starting service [Tomcat]
[2026-03-26 20:06:08] [ INFO ] [StandardEngine:168] Starting Servlet engine: [Apache Tomcat/11.0.18]
[2026-03-26 20:06:08] [ INFO ] [WebApplicationContextInitializer:77] Root WebApplicationContext: initialization completed in 2784 ms
[2026-03-26 20:06:09] [ INFO ] [jpa:102] HHH008540: Processing PersistenceUnitInfo [name: default]
[2026-03-26 20:06:09] [ INFO ] [core:41] HHH000001: Hibernate ORM core version 7.2.4.Final
[2026-03-26 20:06:10] [ INFO ] [SpringPersistenceUnitInfo:129] No LoadTimeWeaver setup: ignoring JPA class transformer
[2026-03-26 20:06:10] [ INFO ] [HikariDataSource:109] HikariPool-1 - Starting...
[2026-03-26 20:06:10] [ INFO ] [HikariPool:580] HikariPool-1 - Added connection conn1: url=jdbc:h2:~/clinicaOdontologicaTest user=SA
[2026-03-26 20:06:10] [ INFO ] [HikariDataSource:122] HikariPool-1 - Start completed.
[2026-03-26 20:06:10] [ INFO ] [pooling:179] HHH10001005: Database info:
	Database JDBC URL [jdbc:h2:~/clinicaOdontologicaTest]
	Database driver: H2 JDBC Driver
	Database dialect: H2Dialect
	Database version: 2.4.240
	Default catalog/schema: CLINICAODONTOLOGICATEST/PUBLIC
	Autocommit mode: undefined/unknown
	Isolation level: READ_COMMITTED [default READ_COMMITTED]
	JDBC fetch size: 100
	Pool: DataSourceConnectionProvider
	Minimum pool size: undefined/unknown
	Maximum pool size: undefined/unknown
[2026-03-26 20:06:12] [ INFO ] [core:53] HHH000489: No JTA platform available (set 'hibernate.transaction.jta.platform' to enable JTA platform integration)
[2026-03-26 20:06:12] [ INFO ] [LocalContainerEntityManagerFactoryBean:464] Initialized JPA EntityManagerFactory for persistence unit 'default'
[2026-03-26 20:06:12] [ INFO ] [QueryEnhancerFactories:48] Hibernate is in classpath; If applicable, HQL parser will be used.
[2026-03-26 20:06:12] [ WARN ] [JpaBaseConfiguration$JpaWebConfiguration:247] spring.jpa.open-in-view is enabled by default. Therefore, database queries may be performed during view rendering. Explicitly configure spring.jpa.open-in-view to disable this warning
[2026-03-26 20:06:13] [ INFO ] [TomcatWebServer:240] Tomcat started on port 8080 (http) with context path '/'
[2026-03-26 20:06:13] [ INFO ] [OdontologicaApplication:60] Started OdontologicaApplication in 8.705 seconds (process running for 10.138)
[2026-03-26 20:21:09] [ INFO ] [OdontologicaApplication:54] Starting OdontologicaApplication using Java 21.0.10 with PID 31112 (G:\My Drive\UP\3\primer cuatri\APIs y microservicios\Odontologica\target\classes started by santi in G:\My Drive\UP\3\primer cuatri\APIs y microservicios\Odontologica)
[2026-03-26 20:21:09] [ DEBUG] [OdontologicaApplication:55] Running with Spring Boot v4.0.3, Spring v7.0.5
[2026-03-26 20:21:09] [ INFO ] [OdontologicaApplication:652] No active profile set, falling back to 1 default profile: "default"
[2026-03-26 20:21:10] [ INFO ] [RepositoryConfigurationDelegate:145] Bootstrapping Spring Data JPA repositories in DEFAULT mode.
[2026-03-26 20:21:10] [ INFO ] [RepositoryConfigurationDelegate:213] Finished Spring Data repository scanning in 130 ms. Found 3 JPA repository interfaces.
[2026-03-26 20:21:11] [ INFO ] [TomcatWebServer:114] Tomcat initialized with port 8080 (http)
[2026-03-26 20:21:11] [ INFO ] [StandardService:168] Starting service [Tomcat]
[2026-03-26 20:21:11] [ INFO ] [StandardEngine:168] Starting Servlet engine: [Apache Tomcat/11.0.18]
[2026-03-26 20:21:11] [ INFO ] [WebApplicationContextInitializer:77] Root WebApplicationContext: initialization completed in 2347 ms
[2026-03-26 20:21:11] [ INFO ] [jpa:102] HHH008540: Processing PersistenceUnitInfo [name: default]
[2026-03-26 20:21:12] [ INFO ] [core:41] HHH000001: Hibernate ORM core version 7.2.4.Final
[2026-03-26 20:21:13] [ INFO ] [SpringPersistenceUnitInfo:129] No LoadTimeWeaver setup: ignoring JPA class transformer
[2026-03-26 20:21:13] [ INFO ] [HikariDataSource:109] HikariPool-1 - Starting...
[2026-03-26 20:21:13] [ INFO ] [HikariPool:580] HikariPool-1 - Added connection conn1: url=jdbc:h2:~/clinicaOdontologicaTest user=SA
[2026-03-26 20:21:13] [ INFO ] [HikariDataSource:122] HikariPool-1 - Start completed.
[2026-03-26 20:21:13] [ INFO ] [pooling:179] HHH10001005: Database info:
	Database JDBC URL [jdbc:h2:~/clinicaOdontologicaTest]
	Database driver: H2 JDBC Driver
	Database dialect: H2Dialect
	Database version: 2.4.240
	Default catalog/schema: CLINICAODONTOLOGICATEST/PUBLIC
	Autocommit mode: undefined/unknown
	Isolation level: READ_COMMITTED [default READ_COMMITTED]
	JDBC fetch size: 100
	Pool: DataSourceConnectionProvider
	Minimum pool size: undefined/unknown
	Maximum pool size: undefined/unknown
[2026-03-26 20:21:14] [ INFO ] [core:53] HHH000489: No JTA platform available (set 'hibernate.transaction.jta.platform' to enable JTA platform integration)
[2026-03-26 20:21:14] [ INFO ] [LocalContainerEntityManagerFactoryBean:464] Initialized JPA EntityManagerFactory for persistence unit 'default'
[2026-03-26 20:21:14] [ INFO ] [QueryEnhancerFactories:48] Hibernate is in classpath; If applicable, HQL parser will be used.
[2026-03-26 20:21:15] [ WARN ] [JpaBaseConfiguration$JpaWebConfiguration:247] spring.jpa.open-in-view is enabled by default. Therefore, database queries may be performed during view rendering. Explicitly configure spring.jpa.open-in-view to disable this warning
[2026-03-26 20:21:15] [ INFO ] [TomcatWebServer:240] Tomcat started on port 8080 (http) with context path '/'
[2026-03-26 20:21:15] [ INFO ] [OdontologicaApplication:60] Started OdontologicaApplication in 7.553 seconds (process running for 8.726)
[2026-03-26 20:21:16] [ INFO ] [[/]:168] Initializing Spring DispatcherServlet 'dispatcherServlet'
[2026-03-26 20:21:16] [ INFO ] [DispatcherServlet:523] Initializing Servlet 'dispatcherServlet'
[2026-03-26 20:21:16] [ INFO ] [DispatcherServlet:545] Completed initialization in 2 ms
[2026-03-26 20:21:16] [ ERROR] [[dispatcherServlet]:170] Servlet.service() for servlet [dispatcherServlet] in context with path [] threw exception [Request processing failed: org.springframework.dao.DataIntegrityViolationException: not-null property references a null or transient value for entity com.clinica.odontologica.model.Paciente.cedula] with root cause
org.hibernate.PropertyValueException: not-null property references a null or transient value for entity com.clinica.odontologica.model.Paciente.cedula
	at org.hibernate.engine.internal.Nullability.checkNullability(Nullability.java:120)
	at org.hibernate.action.internal.AbstractEntityInsertAction.nullifyTransientReferencesIfNotAlready(AbstractEntityInsertAction.java:120)
	at org.hibernate.action.internal.EntityIdentityInsertAction.execute(EntityIdentityInsertAction.java:67)
	at org.hibernate.engine.spi.ActionQueue.execute(ActionQueue.java:667)
	at org.hibernate.engine.spi.ActionQueue.addResolvedEntityInsertAction(ActionQueue.java:291)
	at org.hibernate.engine.spi.ActionQueue.addInsertAction(ActionQueue.java:270)
	at org.hibernate.engine.spi.ActionQueue.addAction(ActionQueue.java:322)
	at org.hibernate.event.internal.AbstractSaveEventListener.addInsertAction(AbstractSaveEventListener.java:371)
	at org.hibernate.event.internal.AbstractSaveEventListener.performSaveOrReplicate(AbstractSaveEventListener.java:285)
	at org.hibernate.event.internal.AbstractSaveEventListener.performSave(AbstractSaveEventListener.java:215)
	at org.hibernate.event.internal.AbstractSaveEventListener.saveWithGeneratedId(AbstractSaveEventListener.java:133)
	at org.hibernate.event.internal.DefaultPersistEventListener.entityIsTransient(DefaultPersistEventListener.java:145)
	at org.hibernate.event.internal.DefaultPersistEventListener.persist(DefaultPersistEventListener.java:89)
	at org.hibernate.event.internal.DefaultPersistEventListener.onPersist(DefaultPersistEventListener.java:73)
	at org.hibernate.event.internal.DefaultPersistEventListener.onPersist(DefaultPersistEventListener.java:49)
	at org.hibernate.event.service.internal.EventListenerGroupImpl.fireEventOnEachListener(EventListenerGroupImpl.java:138)
	at org.hibernate.internal.SessionImpl.firePersist(SessionImpl.java:689)
	at org.hibernate.internal.SessionImpl.persist(SessionImpl.java:672)
	at java.base/jdk.internal.reflect.DirectMethodHandleAccessor.invoke(Unknown Source)
	at java.base/java.lang.reflect.Method.invoke(Unknown Source)
	at org.springframework.orm.jpa.ExtendedEntityManagerCreator$ExtendedEntityManagerInvocationHandler.invoke(ExtendedEntityManagerCreator.java:362)
	at jdk.proxy2/jdk.proxy2.$Proxy122.persist(Unknown Source)
	at java.base/jdk.internal.reflect.DirectMethodHandleAccessor.invoke(Unknown Source)
	at java.base/java.lang.reflect.Method.invoke(Unknown Source)
	at org.springframework.orm.jpa.SharedEntityManagerCreator$SharedEntityHandlerInvocationHandler.invokeMethod(SharedEntityManagerCreator.java:240)
	at org.springframework.orm.jpa.SharedEntityManagerCreator$SharedEntityManagerInvocationHandler.invoke(SharedEntityManagerCreator.java:386)
	at jdk.proxy2/jdk.proxy2.$Proxy122.persist(Unknown Source)
	at org.springframework.data.jpa.repository.support.SimpleJpaRepository.save(SimpleJpaRepository.java:664)
	at java.base/jdk.internal.reflect.DirectMethodHandleAccessor.invoke(Unknown Source)
	at java.base/java.lang.reflect.Method.invoke(Unknown Source)
	at org.springframework.aop.support.AopUtils.invokeJoinpointUsingReflection(AopUtils.java:359)
	at org.springframework.data.repository.core.support.RepositoryMethodInvoker$RepositoryFragmentMethodInvoker.lambda$new$0(RepositoryMethodInvoker.java:278)
	at org.springframework.data.repository.core.support.RepositoryMethodInvoker.doInvoke(RepositoryMethodInvoker.java:169)
	at org.springframework.data.repository.core.support.RepositoryMethodInvoker.invoke(RepositoryMethodInvoker.java:158)
	at org.springframework.data.repository.core.support.RepositoryComposition$RepositoryFragments.invoke(RepositoryComposition.java:545)
	at org.springframework.data.repository.core.support.RepositoryComposition.invoke(RepositoryComposition.java:290)
	at org.springframework.data.repository.core.support.RepositoryFactorySupport$ImplementationMethodExecutionInterceptor.invoke(RepositoryFactorySupport.java:690)
	at org.springframework.aop.framework.ReflectiveMethodInvocation.proceed(ReflectiveMethodInvocation.java:179)
	at org.springframework.data.repository.core.support.QueryExecutorMethodInterceptor.doInvoke(QueryExecutorMethodInterceptor.java:171)
	at org.springframework.data.repository.core.support.QueryExecutorMethodInterceptor.invoke(QueryExecutorMethodInterceptor.java:146)
	at org.springframework.aop.framework.ReflectiveMethodInvocation.proceed(ReflectiveMethodInvocation.java:179)
	at org.springframework.data.projection.DefaultMethodInvokingMethodInterceptor.invoke(DefaultMethodInvokingMethodInterceptor.java:69)
	at org.springframework.aop.framework.ReflectiveMethodInvocation.proceed(ReflectiveMethodInvocation.java:179)
	at org.springframework.transaction.interceptor.TransactionInterceptor$1.proceedWithInvocation(TransactionInterceptor.java:133)
	at org.springframework.transaction.interceptor.TransactionAspectSupport.invokeWithinTransaction(TransactionAspectSupport.java:371)
	at org.springframework.transaction.interceptor.TransactionInterceptor.invoke(TransactionInterceptor.java:130)
	at org.springframework.aop.framework.ReflectiveMethodInvocation.proceed(ReflectiveMethodInvocation.java:179)
	at org.springframework.dao.support.PersistenceExceptionTranslationInterceptor.invoke(PersistenceExceptionTranslationInterceptor.java:135)
	at org.springframework.aop.framework.ReflectiveMethodInvocation.proceed(ReflectiveMethodInvocation.java:179)
	at org.springframework.data.jpa.repository.support.CrudMethodMetadataPostProcessor$CrudMethodMetadataPopulatingMethodInterceptor.invoke(CrudMethodMetadataPostProcessor.java:166)
	at org.springframework.aop.framework.ReflectiveMethodInvocation.proceed(ReflectiveMethodInvocation.java:179)
	at org.springframework.aop.framework.JdkDynamicAopProxy.invoke(JdkDynamicAopProxy.java:222)
	at jdk.proxy2/jdk.proxy2.$Proxy132.save(Unknown Source)
	at com.clinica.odontologica.service.PacienteService.registrarPaciente(PacienteService.java:18)
	at com.clinica.odontologica.controller.PacienteController.registrarPaciente(PacienteController.java:31)
	at java.base/jdk.internal.reflect.DirectMethodHandleAccessor.invoke(Unknown Source)
	at java.base/java.lang.reflect.Method.invoke(Unknown Source)
	at org.springframework.web.method.support.InvocableHandlerMethod.doInvoke(InvocableHandlerMethod.java:252)
	at org.springframework.web.method.support.InvocableHandlerMethod.invokeForRequest(InvocableHandlerMethod.java:184)
	at org.springframework.web.servlet.mvc.method.annotation.ServletInvocableHandlerMethod.invokeAndHandle(ServletInvocableHandlerMethod.java:117)
	at org.springframework.web.servlet.mvc.method.annotation.RequestMappingHandlerAdapter.invokeHandlerMethod(RequestMappingHandlerAdapter.java:934)
	at org.springframework.web.servlet.mvc.method.annotation.RequestMappingHandlerAdapter.handleInternal(RequestMappingHandlerAdapter.java:853)
	at org.springframework.web.servlet.mvc.method.AbstractHandlerMethodAdapter.handle(AbstractHandlerMethodAdapter.java:86)
	at org.springframework.web.servlet.DispatcherServlet.doDispatch(DispatcherServlet.java:963)
	at org.springframework.web.servlet.DispatcherServlet.doService(DispatcherServlet.java:866)
	at org.springframework.web.servlet.FrameworkServlet.processRequest(FrameworkServlet.java:1000)
	at org.springframework.web.servlet.FrameworkServlet.doPost(FrameworkServlet.java:903)
	at jakarta.servlet.http.HttpServlet.service(HttpServlet.java:649)
	at org.springframework.web.servlet.FrameworkServlet.service(FrameworkServlet.java:874)
	at jakarta.servlet.http.HttpServlet.service(HttpServlet.java:710)
	at org.apache.catalina.core.ApplicationFilterChain.doFilter(ApplicationFilterChain.java:128)
	at org.apache.tomcat.websocket.server.WsFilter.doFilter(WsFilter.java:53)
	at org.apache.catalina.core.ApplicationFilterChain.doFilter(ApplicationFilterChain.java:107)
	at org.springframework.web.filter.RequestContextFilter.doFilterInternal(RequestContextFilter.java:100)
	at org.springframework.web.filter.OncePerRequestFilter.doFilter(OncePerRequestFilter.java:116)
	at org.apache.catalina.core.ApplicationFilterChain.doFilter(ApplicationFilterChain.java:107)
	at org.springframework.web.filter.FormContentFilter.doFilterInternal(FormContentFilter.java:93)
	at org.springframework.web.filter.OncePerRequestFilter.doFilter(OncePerRequestFilter.java:116)
	at org.apache.catalina.core.ApplicationFilterChain.doFilter(ApplicationFilterChain.java:107)
	at org.springframework.web.filter.CharacterEncodingFilter.doFilterInternal(CharacterEncodingFilter.java:199)
	at org.springframework.web.filter.OncePerRequestFilter.doFilter(OncePerRequestFilter.java:116)
	at org.apache.catalina.core.ApplicationFilterChain.doFilter(ApplicationFilterChain.java:107)
	at org.apache.catalina.core.StandardWrapperValve.invoke(StandardWrapperValve.java:165)
	at org.apache.catalina.core.StandardContextValve.invoke(StandardContextValve.java:77)
	at org.apache.catalina.authenticator.AuthenticatorBase.invoke(AuthenticatorBase.java:492)
	at org.apache.catalina.core.StandardHostValve.invoke(StandardHostValve.java:113)
	at org.apache.catalina.valves.ErrorReportValve.invoke(ErrorReportValve.java:83)
	at org.apache.catalina.core.StandardEngineValve.invoke(StandardEngineValve.java:72)
	at org.apache.catalina.connector.CoyoteAdapter.service(CoyoteAdapter.java:341)
	at org.apache.coyote.http11.Http11Processor.service(Http11Processor.java:397)
	at org.apache.coyote.AbstractProcessorLight.process(AbstractProcessorLight.java:63)
	at org.apache.coyote.AbstractProtocol$ConnectionHandler.process(AbstractProtocol.java:903)
	at org.apache.tomcat.util.net.NioEndpoint$SocketProcessor.doRun(NioEndpoint.java:1779)
	at org.apache.tomcat.util.net.SocketProcessorBase.run(SocketProcessorBase.java:52)
	at org.apache.tomcat.util.threads.ThreadPoolExecutor.runWorker(ThreadPoolExecutor.java:946)
	at org.apache.tomcat.util.threads.ThreadPoolExecutor$Worker.run(ThreadPoolExecutor.java:480)
	at org.apache.tomcat.util.threads.TaskThread$WrappingRunnable.run(TaskThread.java:57)
	at java.base/java.lang.Thread.run(Unknown Source)
[2026-03-26 20:27:28] [ INFO ] [OdontologicaApplication:54] Starting OdontologicaApplication using Java 21.0.10 with PID 29968 (G:\My Drive\UP\3\primer cuatri\APIs y microservicios\Odontologica\target\classes started by santi in G:\My Drive\UP\3\primer cuatri\APIs y microservicios\Odontologica)
[2026-03-26 20:27:28] [ DEBUG] [OdontologicaApplication:55] Running with Spring Boot v4.0.3, Spring v7.0.5
[2026-03-26 20:27:28] [ INFO ] [OdontologicaApplication:652] No active profile set, falling back to 1 default profile: "default"
[2026-03-26 20:27:30] [ INFO ] [RepositoryConfigurationDelegate:145] Bootstrapping Spring Data JPA repositories in DEFAULT mode.
[2026-03-26 20:27:30] [ INFO ] [RepositoryConfigurationDelegate:213] Finished Spring Data repository scanning in 177 ms. Found 3 JPA repository interfaces.
[2026-03-26 20:27:30] [ INFO ] [TomcatWebServer:114] Tomcat initialized with port 8080 (http)
[2026-03-26 20:27:31] [ INFO ] [StandardService:168] Starting service [Tomcat]
[2026-03-26 20:27:31] [ INFO ] [StandardEngine:168] Starting Servlet engine: [Apache Tomcat/11.0.18]
[2026-03-26 20:27:31] [ INFO ] [WebApplicationContextInitializer:77] Root WebApplicationContext: initialization completed in 2626 ms
[2026-03-26 20:27:31] [ INFO ] [jpa:102] HHH008540: Processing PersistenceUnitInfo [name: default]
[2026-03-26 20:27:31] [ INFO ] [core:41] HHH000001: Hibernate ORM core version 7.2.4.Final
[2026-03-26 20:27:32] [ INFO ] [SpringPersistenceUnitInfo:129] No LoadTimeWeaver setup: ignoring JPA class transformer
[2026-03-26 20:27:32] [ INFO ] [HikariDataSource:109] HikariPool-1 - Starting...
[2026-03-26 20:27:32] [ INFO ] [HikariPool:580] HikariPool-1 - Added connection conn1: url=jdbc:h2:~/clinicaOdontologicaTest user=SA
[2026-03-26 20:27:32] [ INFO ] [HikariDataSource:122] HikariPool-1 - Start completed.
[2026-03-26 20:27:32] [ INFO ] [pooling:179] HHH10001005: Database info:
	Database JDBC URL [jdbc:h2:~/clinicaOdontologicaTest]
	Database driver: H2 JDBC Driver
	Database dialect: H2Dialect
	Database version: 2.4.240
	Default catalog/schema: CLINICAODONTOLOGICATEST/PUBLIC
	Autocommit mode: undefined/unknown
	Isolation level: READ_COMMITTED [default READ_COMMITTED]
	JDBC fetch size: 100
	Pool: DataSourceConnectionProvider
	Minimum pool size: undefined/unknown
	Maximum pool size: undefined/unknown
[2026-03-26 20:27:34] [ INFO ] [core:53] HHH000489: No JTA platform available (set 'hibernate.transaction.jta.platform' to enable JTA platform integration)
[2026-03-26 20:27:34] [ INFO ] [LocalContainerEntityManagerFactoryBean:464] Initialized JPA EntityManagerFactory for persistence unit 'default'
[2026-03-26 20:27:34] [ INFO ] [QueryEnhancerFactories:48] Hibernate is in classpath; If applicable, HQL parser will be used.
[2026-03-26 20:27:34] [ WARN ] [JpaBaseConfiguration$JpaWebConfiguration:247] spring.jpa.open-in-view is enabled by default. Therefore, database queries may be performed during view rendering. Explicitly configure spring.jpa.open-in-view to disable this warning
[2026-03-26 20:27:35] [ INFO ] [TomcatWebServer:240] Tomcat started on port 8080 (http) with context path '/'
[2026-03-26 20:27:35] [ INFO ] [OdontologicaApplication:60] Started OdontologicaApplication in 7.81 seconds (process running for 8.963)
[2026-03-26 20:27:44] [ INFO ] [[/]:168] Initializing Spring DispatcherServlet 'dispatcherServlet'
[2026-03-26 20:27:44] [ INFO ] [DispatcherServlet:523] Initializing Servlet 'dispatcherServlet'
[2026-03-26 20:27:44] [ INFO ] [DispatcherServlet:545] Completed initialization in 1 ms
[2026-03-26 20:40:03] [ INFO ] [OdontologicaApplication:54] Starting OdontologicaApplication using Java 21.0.10 with PID 25572 (G:\My Drive\UP\3\primer cuatri\APIs y microservicios\Odontologica\target\classes started by santi in G:\My Drive\UP\3\primer cuatri\APIs y microservicios\Odontologica)
[2026-03-26 20:40:03] [ DEBUG] [OdontologicaApplication:55] Running with Spring Boot v4.0.3, Spring v7.0.5
[2026-03-26 20:40:03] [ INFO ] [OdontologicaApplication:652] No active profile set, falling back to 1 default profile: "default"
[2026-03-26 20:40:05] [ INFO ] [RepositoryConfigurationDelegate:145] Bootstrapping Spring Data JPA repositories in DEFAULT mode.
[2026-03-26 20:40:05] [ INFO ] [RepositoryConfigurationDelegate:213] Finished Spring Data repository scanning in 166 ms. Found 3 JPA repository interfaces.
[2026-03-26 20:40:06] [ INFO ] [TomcatWebServer:114] Tomcat initialized with port 8080 (http)
[2026-03-26 20:40:06] [ INFO ] [StandardService:168] Starting service [Tomcat]
[2026-03-26 20:40:06] [ INFO ] [StandardEngine:168] Starting Servlet engine: [Apache Tomcat/11.0.18]
[2026-03-26 20:40:06] [ INFO ] [WebApplicationContextInitializer:77] Root WebApplicationContext: initialization completed in 2492 ms
[2026-03-26 20:40:06] [ INFO ] [jpa:102] HHH008540: Processing PersistenceUnitInfo [name: default]
[2026-03-26 20:40:06] [ INFO ] [core:41] HHH000001: Hibernate ORM core version 7.2.4.Final
[2026-03-26 20:40:08] [ INFO ] [SpringPersistenceUnitInfo:129] No LoadTimeWeaver setup: ignoring JPA class transformer
[2026-03-26 20:40:08] [ INFO ] [HikariDataSource:109] HikariPool-1 - Starting...
[2026-03-26 20:40:08] [ INFO ] [HikariPool:580] HikariPool-1 - Added connection conn1: url=jdbc:h2:~/clinicaOdontologicaTest user=SA
[2026-03-26 20:40:08] [ INFO ] [HikariDataSource:122] HikariPool-1 - Start completed.
[2026-03-26 20:40:08] [ INFO ] [pooling:179] HHH10001005: Database info:
	Database JDBC URL [jdbc:h2:~/clinicaOdontologicaTest]
	Database driver: H2 JDBC Driver
	Database dialect: H2Dialect
	Database version: 2.4.240
	Default catalog/schema: CLINICAODONTOLOGICATEST/PUBLIC
	Autocommit mode: undefined/unknown
	Isolation level: READ_COMMITTED [default READ_COMMITTED]
	JDBC fetch size: 100
	Pool: DataSourceConnectionProvider
	Minimum pool size: undefined/unknown
	Maximum pool size: undefined/unknown
[2026-03-26 20:40:09] [ INFO ] [core:53] HHH000489: No JTA platform available (set 'hibernate.transaction.jta.platform' to enable JTA platform integration)
[2026-03-26 20:40:09] [ INFO ] [LocalContainerEntityManagerFactoryBean:464] Initialized JPA EntityManagerFactory for persistence unit 'default'
[2026-03-26 20:40:09] [ INFO ] [QueryEnhancerFactories:48] Hibernate is in classpath; If applicable, HQL parser will be used.
[2026-03-26 20:40:10] [ WARN ] [JpaBaseConfiguration$JpaWebConfiguration:247] spring.jpa.open-in-view is enabled by default. Therefore, database queries may be performed during view rendering. Explicitly configure spring.jpa.open-in-view to disable this warning
[2026-03-26 20:40:10] [ INFO ] [TomcatWebServer:240] Tomcat started on port 8080 (http) with context path '/'
[2026-03-26 20:40:10] [ INFO ] [OdontologicaApplication:60] Started OdontologicaApplication in 7.703 seconds (process running for 8.895)
[2026-03-26 20:41:06] [ INFO ] [[/]:168] Initializing Spring DispatcherServlet 'dispatcherServlet'
[2026-03-26 20:41:06] [ INFO ] [DispatcherServlet:523] Initializing Servlet 'dispatcherServlet'
[2026-03-26 20:41:06] [ INFO ] [DispatcherServlet:545] Completed initialization in 1 ms
[2026-03-26 20:43:15] [ INFO ] [OdontologicaApplication:54] Starting OdontologicaApplication using Java 21.0.10 with PID 34552 (G:\My Drive\UP\3\primer cuatri\APIs y microservicios\Odontologica\target\classes started by santi in G:\My Drive\UP\3\primer cuatri\APIs y microservicios\Odontologica)
[2026-03-26 20:43:15] [ DEBUG] [OdontologicaApplication:55] Running with Spring Boot v4.0.3, Spring v7.0.5
[2026-03-26 20:43:15] [ INFO ] [OdontologicaApplication:652] No active profile set, falling back to 1 default profile: "default"
[2026-03-26 20:43:16] [ INFO ] [RepositoryConfigurationDelegate:145] Bootstrapping Spring Data JPA repositories in DEFAULT mode.
[2026-03-26 20:43:16] [ INFO ] [RepositoryConfigurationDelegate:213] Finished Spring Data repository scanning in 151 ms. Found 3 JPA repository interfaces.
[2026-03-26 20:43:17] [ INFO ] [TomcatWebServer:114] Tomcat initialized with port 8080 (http)
[2026-03-26 20:43:17] [ INFO ] [StandardService:168] Starting service [Tomcat]
[2026-03-26 20:43:17] [ INFO ] [StandardEngine:168] Starting Servlet engine: [Apache Tomcat/11.0.18]
[2026-03-26 20:43:17] [ INFO ] [WebApplicationContextInitializer:77] Root WebApplicationContext: initialization completed in 2281 ms
[2026-03-26 20:43:18] [ INFO ] [jpa:102] HHH008540: Processing PersistenceUnitInfo [name: default]
[2026-03-26 20:43:18] [ INFO ] [core:41] HHH000001: Hibernate ORM core version 7.2.4.Final
[2026-03-26 20:43:19] [ INFO ] [SpringPersistenceUnitInfo:129] No LoadTimeWeaver setup: ignoring JPA class transformer
[2026-03-26 20:43:19] [ INFO ] [HikariDataSource:109] HikariPool-1 - Starting...
[2026-03-26 20:43:19] [ INFO ] [HikariPool:580] HikariPool-1 - Added connection conn1: url=jdbc:h2:~/clinicaOdontologicaTest user=SA
[2026-03-26 20:43:19] [ INFO ] [HikariDataSource:122] HikariPool-1 - Start completed.
[2026-03-26 20:43:19] [ INFO ] [pooling:179] HHH10001005: Database info:
	Database JDBC URL [jdbc:h2:~/clinicaOdontologicaTest]
	Database driver: H2 JDBC Driver
	Database dialect: H2Dialect
	Database version: 2.4.240
	Default catalog/schema: CLINICAODONTOLOGICATEST/PUBLIC
	Autocommit mode: undefined/unknown
	Isolation level: READ_COMMITTED [default READ_COMMITTED]
	JDBC fetch size: 100
	Pool: DataSourceConnectionProvider
	Minimum pool size: undefined/unknown
	Maximum pool size: undefined/unknown
[2026-03-26 20:43:20] [ INFO ] [core:53] HHH000489: No JTA platform available (set 'hibernate.transaction.jta.platform' to enable JTA platform integration)
[2026-03-26 20:43:20] [ INFO ] [LocalContainerEntityManagerFactoryBean:464] Initialized JPA EntityManagerFactory for persistence unit 'default'
[2026-03-26 20:43:20] [ INFO ] [QueryEnhancerFactories:48] Hibernate is in classpath; If applicable, HQL parser will be used.
[2026-03-26 20:43:21] [ WARN ] [JpaBaseConfiguration$JpaWebConfiguration:247] spring.jpa.open-in-view is enabled by default. Therefore, database queries may be performed during view rendering. Explicitly configure spring.jpa.open-in-view to disable this warning
[2026-03-26 20:43:21] [ INFO ] [TomcatWebServer:240] Tomcat started on port 8080 (http) with context path '/'
[2026-03-26 20:43:21] [ INFO ] [OdontologicaApplication:60] Started OdontologicaApplication in 7.348 seconds (process running for 8.508)
[2026-03-26 20:43:31] [ INFO ] [[/]:168] Initializing Spring DispatcherServlet 'dispatcherServlet'
[2026-03-26 20:43:31] [ INFO ] [DispatcherServlet:523] Initializing Servlet 'dispatcherServlet'
[2026-03-26 20:43:31] [ INFO ] [DispatcherServlet:545] Completed initialization in 2 ms
